This file contains any messages produced by compilers while
running configure, to aid debugging if configure makes a mistake.

It was created by Protocol Buffers configure 3.5.0, which was
generated by GNU Autoconf 2.69.  Invocation command line was

  $ ./configure --disable-shared

## --------- ##
## Platform. ##
## --------- ##

hostname = ppk
uname -m = x86_64
uname -r = 4.13.12-1-ARCH
uname -s = Linux
uname -v = #1 SMP PREEMPT Wed Nov 8 11:54:06 CET 2017

/usr/bin/uname -p = unknown
/bin/uname -X     = unknown

/bin/arch              = unknown
/usr/bin/arch -k       = unknown
/usr/convex/getsysinfo = unknown
/usr/bin/hostinfo      = unknown
/bin/machine           = unknown
/usr/bin/oslevel       = unknown
/bin/universe          = unknown

PATH: /home/ds/bin
PATH: /usr/local/sbin
PATH: /usr/local/bin
PATH: /usr/bin
PATH: /usr/lib/jvm/default/bin
PATH: /usr/bin/site_perl
PATH: /usr/bin/vendor_perl
PATH: /usr/bin/core_perl


## ----------- ##
## Core tests. ##
## ----------- ##

configure:2603: checking whether to enable maintainer-specific portions of Makefiles
configure:2612: result: yes
configure:2687: checking build system type
configure:2701: result: x86_64-pc-linux-gnu
configure:2721: checking host system type
configure:2734: result: x86_64-pc-linux-gnu
configure:2754: checking target system type
configure:2767: result: x86_64-pc-linux-gnu
configure:2810: checking for a BSD-compatible install
configure:2878: result: /usr/bin/install -c
configure:2889: checking whether build environment is sane
configure:2944: result: yes
configure:3095: checking for a thread-safe mkdir -p
configure:3134: result: /usr/bin/mkdir -p
configure:3141: checking for gawk
configure:3157: found /usr/bin/gawk
configure:3168: result: gawk
configure:3179: checking whether make sets $(MAKE)
configure:3201: result: yes
configure:3230: checking whether make supports nested variables
configure:3247: result: yes
configure:3336: checking whether UID '1000' is supported by ustar format
configure:3339: result: yes
configure:3346: checking whether GID '100' is supported by ustar format
configure:3349: result: yes
configure:3357: checking how to create a ustar tar archive
configure:3368: tar --version
tar (GNU tar) 1.29
Copyright (C) 2015 Free Software Foundation, Inc.
License GPLv3+: GNU GPL version 3 or later <http://gnu.org/licenses/gpl.html>.
This is free software: you are free to change and redistribute it.
There is NO WARRANTY, to the extent permitted by law.

Written by John Gilmore and Jay Fenlason.
configure:3371: $? = 0
configure:3411: tardir=conftest.dir && eval tar --format=ustar -chf - "$tardir" >conftest.tar
configure:3414: $? = 0
configure:3418: tar -xf - <conftest.tar
configure:3421: $? = 0
configure:3423: cat conftest.dir/file
GrepMe
configure:3426: $? = 0
configure:3439: result: gnutar
configure:3557: checking for gcc
configure:3573: found /usr/bin/gcc
configure:3584: result: gcc
configure:3813: checking for C compiler version
configure:3822: gcc --version >&5
gcc (GCC) 7.2.0
Copyright (C) 2017 Free Software Foundation, Inc.
This is free software; see the source for copying conditions.  There is NO
warranty; not even for MERCHANTABILITY or FITNESS FOR A PARTICULAR PURPOSE.

configure:3833: $? = 0
configure:3822: gcc -v >&5
Using built-in specs.
COLLECT_GCC=gcc
COLLECT_LTO_WRAPPER=/usr/lib/gcc/x86_64-pc-linux-gnu/7.2.0/lto-wrapper
Target: x86_64-pc-linux-gnu
Configured with: /build/gcc/src/gcc/configure --prefix=/usr --libdir=/usr/lib --libexecdir=/usr/lib --mandir=/usr/share/man --infodir=/usr/share/info --with-bugurl=https://bugs.archlinux.org/ --enable-languages=c,c++,ada,fortran,go,lto,objc,obj-c++ --enable-shared --enable-threads=posix --enable-libmpx --with-system-zlib --with-isl --enable-__cxa_atexit --disable-libunwind-exceptions --enable-clocale=gnu --disable-libstdcxx-pch --disable-libssp --enable-gnu-unique-object --enable-linker-build-id --enable-lto --enable-plugin --enable-install-libiberty --with-linker-hash-style=gnu --enable-gnu-indirect-function --disable-multilib --disable-werror --enable-checking=release --enable-default-pie --enable-default-ssp
Thread model: posix
gcc version 7.2.0 (GCC) 
configure:3833: $? = 0
configure:3822: gcc -V >&5
gcc: error: unrecognized command line option '-V'
gcc: fatal error: no input files
compilation terminated.
configure:3833: $? = 1
configure:3822: gcc -qversion >&5
gcc: error: unrecognized command line option '-qversion'; did you mean '--version'?
gcc: fatal error: no input files
compilation terminated.
configure:3833: $? = 1
configure:3853: checking whether the C compiler works
configure:3875: gcc    conftest.c  >&5
configure:3879: $? = 0
configure:3927: result: yes
configure:3930: checking for C compiler default output file name
configure:3932: result: a.out
configure:3938: checking for suffix of executables
configure:3945: gcc -o conftest    conftest.c  >&5
configure:3949: $? = 0
configure:3971: result: 
configure:3993: checking whether we are cross compiling
configure:4001: gcc -o conftest    conftest.c  >&5
configure:4005: $? = 0
configure:4012: ./conftest
configure:4016: $? = 0
configure:4031: result: no
configure:4036: checking for suffix of object files
configure:4058: gcc -c   conftest.c >&5
configure:4062: $? = 0
configure:4083: result: o
configure:4087: checking whether we are using the GNU C compiler
configure:4106: gcc -c   conftest.c >&5
configure:4106: $? = 0
configure:4115: result: yes
configure:4124: checking whether gcc accepts -g
configure:4144: gcc -c -g  conftest.c >&5
configure:4144: $? = 0
configure:4185: result: yes
configure:4202: checking for gcc option to accept ISO C89
configure:4265: gcc  -c   conftest.c >&5
configure:4265: $? = 0
configure:4278: result: none needed
configure:4303: checking whether gcc understands -c and -o together
configure:4325: gcc -c conftest.c -o conftest2.o
configure:4328: $? = 0
configure:4325: gcc -c conftest.c -o conftest2.o
configure:4328: $? = 0
configure:4340: result: yes
configure:4368: checking for style of include used by make
configure:4396: result: GNU
configure:4422: checking dependency style of gcc
configure:4533: result: gcc3
configure:4606: checking for g++
configure:4622: found /usr/bin/g++
configure:4633: result: g++
configure:4660: checking for C++ compiler version
configure:4669: g++ --version >&5
g++ (GCC) 7.2.0
Copyright (C) 2017 Free Software Foundation, Inc.
This is free software; see the source for copying conditions.  There is NO
warranty; not even for MERCHANTABILITY or FITNESS FOR A PARTICULAR PURPOSE.

configure:4680: $? = 0
configure:4669: g++ -v >&5
Using built-in specs.
COLLECT_GCC=g++
COLLECT_LTO_WRAPPER=/usr/lib/gcc/x86_64-pc-linux-gnu/7.2.0/lto-wrapper
Target: x86_64-pc-linux-gnu
Configured with: /build/gcc/src/gcc/configure --prefix=/usr --libdir=/usr/lib --libexecdir=/usr/lib --mandir=/usr/share/man --infodir=/usr/share/info --with-bugurl=https://bugs.archlinux.org/ --enable-languages=c,c++,ada,fortran,go,lto,objc,obj-c++ --enable-shared --enable-threads=posix --enable-libmpx --with-system-zlib --with-isl --enable-__cxa_atexit --disable-libunwind-exceptions --enable-clocale=gnu --disable-libstdcxx-pch --disable-libssp --enable-gnu-unique-object --enable-linker-build-id --enable-lto --enable-plugin --enable-install-libiberty --with-linker-hash-style=gnu --enable-gnu-indirect-function --disable-multilib --disable-werror --enable-checking=release --enable-default-pie --enable-default-ssp
Thread model: posix
gcc version 7.2.0 (GCC) 
configure:4680: $? = 0
configure:4669: g++ -V >&5
g++: error: unrecognized command line option '-V'
g++: fatal error: no input files
compilation terminated.
configure:4680: $? = 1
configure:4669: g++ -qversion >&5
g++: error: unrecognized command line option '-qversion'; did you mean '--version'?
g++: fatal error: no input files
compilation terminated.
configure:4680: $? = 1
configure:4684: checking whether we are using the GNU C++ compiler
configure:4703: g++ -c   conftest.cpp >&5
configure:4703: $? = 0
configure:4712: result: yes
configure:4721: checking whether g++ accepts -g
configure:4741: g++ -c -g  conftest.cpp >&5
configure:4741: $? = 0
configure:4782: result: yes
configure:4807: checking dependency style of g++
configure:4918: result: gcc3
configure:4938: checking how to run the C preprocessor
configure:4969: gcc -E  conftest.c
configure:4969: $? = 0
configure:4983: gcc -E  conftest.c
conftest.c:11:10: fatal error: ac_nonexistent.h: No such file or directory
 #include <ac_nonexistent.h>
          ^~~~~~~~~~~~~~~~~~
compilation terminated.
configure:4983: $? = 1
configure: failed program was:
| /* confdefs.h */
| #define PACKAGE_NAME "Protocol Buffers"
| #define PACKAGE_TARNAME "protobuf"
| #define PACKAGE_VERSION "3.5.0"
| #define PACKAGE_STRING "Protocol Buffers 3.5.0"
| #define PACKAGE_BUGREPORT "protobuf@googlegroups.com"
| #define PACKAGE_URL ""
| #define PACKAGE "protobuf"
| #define VERSION "3.5.0"
| /* end confdefs.h.  */
| #include <ac_nonexistent.h>
configure:5008: result: gcc -E
configure:5028: gcc -E  conftest.c
configure:5028: $? = 0
configure:5042: gcc -E  conftest.c
conftest.c:11:10: fatal error: ac_nonexistent.h: No such file or directory
 #include <ac_nonexistent.h>
          ^~~~~~~~~~~~~~~~~~
compilation terminated.
configure:5042: $? = 1
configure: failed program was:
| /* confdefs.h */
| #define PACKAGE_NAME "Protocol Buffers"
| #define PACKAGE_TARNAME "protobuf"
| #define PACKAGE_VERSION "3.5.0"
| #define PACKAGE_STRING "Protocol Buffers 3.5.0"
| #define PACKAGE_BUGREPORT "protobuf@googlegroups.com"
| #define PACKAGE_URL ""
| #define PACKAGE "protobuf"
| #define VERSION "3.5.0"
| /* end confdefs.h.  */
| #include <ac_nonexistent.h>
configure:5126: checking for gcc
configure:5142: found /usr/bin/gcc
configure:5153: result: gcc
configure:5382: checking for C compiler version
configure:5391: gcc --version >&5
gcc (GCC) 7.2.0
Copyright (C) 2017 Free Software Foundation, Inc.
This is free software; see the source for copying conditions.  There is NO
warranty; not even for MERCHANTABILITY or FITNESS FOR A PARTICULAR PURPOSE.

configure:5402: $? = 0
configure:5391: gcc -v >&5
Using built-in specs.
COLLECT_GCC=gcc
COLLECT_LTO_WRAPPER=/usr/lib/gcc/x86_64-pc-linux-gnu/7.2.0/lto-wrapper
Target: x86_64-pc-linux-gnu
Configured with: /build/gcc/src/gcc/configure --prefix=/usr --libdir=/usr/lib --libexecdir=/usr/lib --mandir=/usr/share/man --infodir=/usr/share/info --with-bugurl=https://bugs.archlinux.org/ --enable-languages=c,c++,ada,fortran,go,lto,objc,obj-c++ --enable-shared --enable-threads=posix --enable-libmpx --with-system-zlib --with-isl --enable-__cxa_atexit --disable-libunwind-exceptions --enable-clocale=gnu --disable-libstdcxx-pch --disable-libssp --enable-gnu-unique-object --enable-linker-build-id --enable-lto --enable-plugin --enable-install-libiberty --with-linker-hash-style=gnu --enable-gnu-indirect-function --disable-multilib --disable-werror --enable-checking=release --enable-default-pie --enable-default-ssp
Thread model: posix
gcc version 7.2.0 (GCC) 
configure:5402: $? = 0
configure:5391: gcc -V >&5
gcc: error: unrecognized command line option '-V'
gcc: fatal error: no input files
compilation terminated.
configure:5402: $? = 1
configure:5391: gcc -qversion >&5
gcc: error: unrecognized command line option '-qversion'; did you mean '--version'?
gcc: fatal error: no input files
compilation terminated.
configure:5402: $? = 1
configure:5406: checking whether we are using the GNU C compiler
configure:5434: result: yes
configure:5443: checking whether gcc accepts -g
configure:5463: gcc -c   conftest.c >&5
configure:5463: $? = 0
configure:5504: result: yes
configure:5521: checking for gcc option to accept ISO C89
configure:5597: result: none needed
configure:5622: checking whether gcc understands -c and -o together
configure:5659: result: yes
configure:5678: checking dependency style of gcc
configure:5789: result: gcc3
configure:5809: checking how to run the C preprocessor
configure:5840: gcc -E  conftest.c
configure:5840: $? = 0
configure:5854: gcc -E  conftest.c
conftest.c:11:10: fatal error: ac_nonexistent.h: No such file or directory
 #include <ac_nonexistent.h>
          ^~~~~~~~~~~~~~~~~~
compilation terminated.
configure:5854: $? = 1
configure: failed program was:
| /* confdefs.h */
| #define PACKAGE_NAME "Protocol Buffers"
| #define PACKAGE_TARNAME "protobuf"
| #define PACKAGE_VERSION "3.5.0"
| #define PACKAGE_STRING "Protocol Buffers 3.5.0"
| #define PACKAGE_BUGREPORT "protobuf@googlegroups.com"
| #define PACKAGE_URL ""
| #define PACKAGE "protobuf"
| #define VERSION "3.5.0"
| /* end confdefs.h.  */
| #include <ac_nonexistent.h>
configure:5879: result: gcc -E
configure:5899: gcc -E  conftest.c
configure:5899: $? = 0
configure:5913: gcc -E  conftest.c
conftest.c:11:10: fatal error: ac_nonexistent.h: No such file or directory
 #include <ac_nonexistent.h>
          ^~~~~~~~~~~~~~~~~~
compilation terminated.
configure:5913: $? = 1
configure: failed program was:
| /* confdefs.h */
| #define PACKAGE_NAME "Protocol Buffers"
| #define PACKAGE_TARNAME "protobuf"
| #define PACKAGE_VERSION "3.5.0"
| #define PACKAGE_STRING "Protocol Buffers 3.5.0"
| #define PACKAGE_BUGREPORT "protobuf@googlegroups.com"
| #define PACKAGE_URL ""
| #define PACKAGE "protobuf"
| #define VERSION "3.5.0"
| /* end confdefs.h.  */
| #include <ac_nonexistent.h>
configure:5955: checking how to run the C++ preprocessor
configure:5982: g++ -E  conftest.cpp
configure:5982: $? = 0
configure:5996: g++ -E  conftest.cpp
conftest.cpp:11:10: fatal error: ac_nonexistent.h: No such file or directory
 #include <ac_nonexistent.h>
          ^~~~~~~~~~~~~~~~~~
compilation terminated.
configure:5996: $? = 1
configure: failed program was:
| /* confdefs.h */
| #define PACKAGE_NAME "Protocol Buffers"
| #define PACKAGE_TARNAME "protobuf"
| #define PACKAGE_VERSION "3.5.0"
| #define PACKAGE_STRING "Protocol Buffers 3.5.0"
| #define PACKAGE_BUGREPORT "protobuf@googlegroups.com"
| #define PACKAGE_URL ""
| #define PACKAGE "protobuf"
| #define VERSION "3.5.0"
| /* end confdefs.h.  */
| #include <ac_nonexistent.h>
configure:6021: result: g++ -E
configure:6041: g++ -E  conftest.cpp
configure:6041: $? = 0
configure:6055: g++ -E  conftest.cpp
conftest.cpp:11:10: fatal error: ac_nonexistent.h: No such file or directory
 #include <ac_nonexistent.h>
          ^~~~~~~~~~~~~~~~~~
compilation terminated.
configure:6055: $? = 1
configure: failed program was:
| /* confdefs.h */
| #define PACKAGE_NAME "Protocol Buffers"
| #define PACKAGE_TARNAME "protobuf"
| #define PACKAGE_VERSION "3.5.0"
| #define PACKAGE_STRING "Protocol Buffers 3.5.0"
| #define PACKAGE_BUGREPORT "protobuf@googlegroups.com"
| #define PACKAGE_URL ""
| #define PACKAGE "protobuf"
| #define VERSION "3.5.0"
| /* end confdefs.h.  */
| #include <ac_nonexistent.h>
configure:6148: checking for g++
configure:6164: found /usr/bin/g++
configure:6175: result: g++
configure:6202: checking for C++ compiler version
configure:6211: g++ --version >&5
g++ (GCC) 7.2.0
Copyright (C) 2017 Free Software Foundation, Inc.
This is free software; see the source for copying conditions.  There is NO
warranty; not even for MERCHANTABILITY or FITNESS FOR A PARTICULAR PURPOSE.

configure:6222: $? = 0
configure:6211: g++ -v >&5
Using built-in specs.
COLLECT_GCC=g++
COLLECT_LTO_WRAPPER=/usr/lib/gcc/x86_64-pc-linux-gnu/7.2.0/lto-wrapper
Target: x86_64-pc-linux-gnu
Configured with: /build/gcc/src/gcc/configure --prefix=/usr --libdir=/usr/lib --libexecdir=/usr/lib --mandir=/usr/share/man --infodir=/usr/share/info --with-bugurl=https://bugs.archlinux.org/ --enable-languages=c,c++,ada,fortran,go,lto,objc,obj-c++ --enable-shared --enable-threads=posix --enable-libmpx --with-system-zlib --with-isl --enable-__cxa_atexit --disable-libunwind-exceptions --enable-clocale=gnu --disable-libstdcxx-pch --disable-libssp --enable-gnu-unique-object --enable-linker-build-id --enable-lto --enable-plugin --enable-install-libiberty --with-linker-hash-style=gnu --enable-gnu-indirect-function --disable-multilib --disable-werror --enable-checking=release --enable-default-pie --enable-default-ssp
Thread model: posix
gcc version 7.2.0 (GCC) 
configure:6222: $? = 0
configure:6211: g++ -V >&5
g++: error: unrecognized command line option '-V'
g++: fatal error: no input files
compilation terminated.
configure:6222: $? = 1
configure:6211: g++ -qversion >&5
g++: error: unrecognized command line option '-qversion'; did you mean '--version'?
g++: fatal error: no input files
compilation terminated.
configure:6222: $? = 1
configure:6226: checking whether we are using the GNU C++ compiler
configure:6254: result: yes
configure:6263: checking whether g++ accepts -g
configure:6283: gcc -c   conftest.cpp >&5
configure:6283: $? = 0
configure:6324: result: yes
configure:6349: checking dependency style of g++
configure:6460: result: gcc3
configure:6480: checking how to run the C++ preprocessor
configure:6507: g++ -E  conftest.cpp
configure:6507: $? = 0
configure:6521: g++ -E  conftest.cpp
conftest.cpp:11:10: fatal error: ac_nonexistent.h: No such file or directory
 #include <ac_nonexistent.h>
          ^~~~~~~~~~~~~~~~~~
compilation terminated.
configure:6521: $? = 1
configure: failed program was:
| /* confdefs.h */
| #define PACKAGE_NAME "Protocol Buffers"
| #define PACKAGE_TARNAME "protobuf"
| #define PACKAGE_VERSION "3.5.0"
| #define PACKAGE_STRING "Protocol Buffers 3.5.0"
| #define PACKAGE_BUGREPORT "protobuf@googlegroups.com"
| #define PACKAGE_URL ""
| #define PACKAGE "protobuf"
| #define VERSION "3.5.0"
| /* end confdefs.h.  */
| #include <ac_nonexistent.h>
configure:6546: result: g++ -E
configure:6566: g++ -E  conftest.cpp
configure:6566: $? = 0
configure:6580: g++ -E  conftest.cpp
conftest.cpp:11:10: fatal error: ac_nonexistent.h: No such file or directory
 #include <ac_nonexistent.h>
          ^~~~~~~~~~~~~~~~~~
compilation terminated.
configure:6580: $? = 1
configure: failed program was:
| /* confdefs.h */
| #define PACKAGE_NAME "Protocol Buffers"
| #define PACKAGE_TARNAME "protobuf"
| #define PACKAGE_VERSION "3.5.0"
| #define PACKAGE_STRING "Protocol Buffers 3.5.0"
| #define PACKAGE_BUGREPORT "protobuf@googlegroups.com"
| #define PACKAGE_URL ""
| #define PACKAGE "protobuf"
| #define VERSION "3.5.0"
| /* end confdefs.h.  */
| #include <ac_nonexistent.h>
configure:6622: checking for grep that handles long lines and -e
configure:6680: result: /usr/bin/grep
configure:6685: checking for egrep
configure:6747: result: /usr/bin/grep -E
configure:6752: checking for ANSI C header files
configure:6772: g++ -c   conftest.cpp >&5
configure:6772: $? = 0
configure:6845: g++ -o conftest    conftest.cpp  >&5
configure:6845: $? = 0
configure:6845: ./conftest
configure:6845: $? = 0
configure:6856: result: yes
configure:6869: checking for sys/types.h
configure:6869: g++ -c   conftest.cpp >&5
configure:6869: $? = 0
configure:6869: result: yes
configure:6869: checking for sys/stat.h
configure:6869: g++ -c   conftest.cpp >&5
configure:6869: $? = 0
configure:6869: result: yes
configure:6869: checking for stdlib.h
configure:6869: g++ -c   conftest.cpp >&5
configure:6869: $? = 0
configure:6869: result: yes
configure:6869: checking for string.h
configure:6869: g++ -c   conftest.cpp >&5
configure:6869: $? = 0
configure:6869: result: yes
configure:6869: checking for memory.h
configure:6869: g++ -c   conftest.cpp >&5
configure:6869: $? = 0
configure:6869: result: yes
configure:6869: checking for strings.h
configure:6869: g++ -c   conftest.cpp >&5
configure:6869: $? = 0
configure:6869: result: yes
configure:6869: checking for inttypes.h
configure:6869: g++ -c   conftest.cpp >&5
configure:6869: $? = 0
configure:6869: result: yes
configure:6869: checking for stdint.h
configure:6869: g++ -c   conftest.cpp >&5
configure:6869: $? = 0
configure:6869: result: yes
configure:6869: checking for unistd.h
configure:6869: g++ -c   conftest.cpp >&5
configure:6869: $? = 0
configure:6869: result: yes
configure:6882: checking minix/config.h usability
configure:6882: g++ -c   conftest.cpp >&5
conftest.cpp:54:10: fatal error: minix/config.h: No such file or directory
 #include <minix/config.h>
          ^~~~~~~~~~~~~~~~
compilation terminated.
configure:6882: $? = 1
configure: failed program was:
| /* confdefs.h */
| #define PACKAGE_NAME "Protocol Buffers"
| #define PACKAGE_TARNAME "protobuf"
| #define PACKAGE_VERSION "3.5.0"
| #define PACKAGE_STRING "Protocol Buffers 3.5.0"
| #define PACKAGE_BUGREPORT "protobuf@googlegroups.com"
| #define PACKAGE_URL ""
| #define PACKAGE "protobuf"
| #define VERSION "3.5.0"
| #define STDC_HEADERS 1
| #define HAVE_SYS_TYPES_H 1
| #define HAVE_SYS_STAT_H 1
| #define HAVE_STDLIB_H 1
| #define HAVE_STRING_H 1
| #define HAVE_MEMORY_H 1
| #define HAVE_STRINGS_H 1
| #define HAVE_INTTYPES_H 1
| #define HAVE_STDINT_H 1
| #define HAVE_UNISTD_H 1
| /* end confdefs.h.  */
| #include <stdio.h>
| #ifdef HAVE_SYS_TYPES_H
| # include <sys/types.h>
| #endif
| #ifdef HAVE_SYS_STAT_H
| # include <sys/stat.h>
| #endif
| #ifdef STDC_HEADERS
| # include <stdlib.h>
| # include <stddef.h>
| #else
| # ifdef HAVE_STDLIB_H
| #  include <stdlib.h>
| # endif
| #endif
| #ifdef HAVE_STRING_H
| # if !defined STDC_HEADERS && defined HAVE_MEMORY_H
| #  include <memory.h>
| # endif
| # include <string.h>
| #endif
| #ifdef HAVE_STRINGS_H
| # include <strings.h>
| #endif
| #ifdef HAVE_INTTYPES_H
| # include <inttypes.h>
| #endif
| #ifdef HAVE_STDINT_H
| # include <stdint.h>
| #endif
| #ifdef HAVE_UNISTD_H
| # include <unistd.h>
| #endif
| #include <minix/config.h>
configure:6882: result: no
configure:6882: checking minix/config.h presence
configure:6882: g++ -E  conftest.cpp
conftest.cpp:21:10: fatal error: minix/config.h: No such file or directory
 #include <minix/config.h>
          ^~~~~~~~~~~~~~~~
compilation terminated.
configure:6882: $? = 1
configure: failed program was:
| /* confdefs.h */
| #define PACKAGE_NAME "Protocol Buffers"
| #define PACKAGE_TARNAME "protobuf"
| #define PACKAGE_VERSION "3.5.0"
| #define PACKAGE_STRING "Protocol Buffers 3.5.0"
| #define PACKAGE_BUGREPORT "protobuf@googlegroups.com"
| #define PACKAGE_URL ""
| #define PACKAGE "protobuf"
| #define VERSION "3.5.0"
| #define STDC_HEADERS 1
| #define HAVE_SYS_TYPES_H 1
| #define HAVE_SYS_STAT_H 1
| #define HAVE_STDLIB_H 1
| #define HAVE_STRING_H 1
| #define HAVE_MEMORY_H 1
| #define HAVE_STRINGS_H 1
| #define HAVE_INTTYPES_H 1
| #define HAVE_STDINT_H 1
| #define HAVE_UNISTD_H 1
| /* end confdefs.h.  */
| #include <minix/config.h>
configure:6882: result: no
configure:6882: checking for minix/config.h
configure:6882: result: no
configure:6903: checking whether it is safe to define __EXTENSIONS__
configure:6921: g++ -c   conftest.cpp >&5
configure:6921: $? = 0
configure:6928: result: yes
configure:6997: checking for ar
configure:7013: found /usr/bin/ar
configure:7024: result: ar
configure:7050: checking the archiver (ar) interface
configure:7066: gcc -c   conftest.c >&5
configure:7066: $? = 0
configure:7068: ar cru libconftest.a conftest.o >&5
ar: `u' modifier ignored since `D' is the default (see `U')
configure:7071: $? = 0
configure:7099: result: ar
configure:7181: checking for gcc
configure:7197: found /usr/bin/gcc
configure:7208: result: gcc
configure:7233: checking for Objective C compiler version
configure:7242: gcc --version >&5
gcc (GCC) 7.2.0
Copyright (C) 2017 Free Software Foundation, Inc.
This is free software; see the source for copying conditions.  There is NO
warranty; not even for MERCHANTABILITY or FITNESS FOR A PARTICULAR PURPOSE.

configure:7253: $? = 0
configure:7242: gcc -v >&5
Using built-in specs.
COLLECT_GCC=gcc
COLLECT_LTO_WRAPPER=/usr/lib/gcc/x86_64-pc-linux-gnu/7.2.0/lto-wrapper
Target: x86_64-pc-linux-gnu
Configured with: /build/gcc/src/gcc/configure --prefix=/usr --libdir=/usr/lib --libexecdir=/usr/lib --mandir=/usr/share/man --infodir=/usr/share/info --with-bugurl=https://bugs.archlinux.org/ --enable-languages=c,c++,ada,fortran,go,lto,objc,obj-c++ --enable-shared --enable-threads=posix --enable-libmpx --with-system-zlib --with-isl --enable-__cxa_atexit --disable-libunwind-exceptions --enable-clocale=gnu --disable-libstdcxx-pch --disable-libssp --enable-gnu-unique-object --enable-linker-build-id --enable-lto --enable-plugin --enable-install-libiberty --with-linker-hash-style=gnu --enable-gnu-indirect-function --disable-multilib --disable-werror --enable-checking=release --enable-default-pie --enable-default-ssp
Thread model: posix
gcc version 7.2.0 (GCC) 
configure:7253: $? = 0
configure:7242: gcc -V >&5
gcc: error: unrecognized command line option '-V'
gcc: fatal error: no input files
compilation terminated.
configure:7253: $? = 1
configure:7242: gcc -qversion >&5
gcc: error: unrecognized command line option '-qversion'; did you mean '--version'?
gcc: fatal error: no input files
compilation terminated.
configure:7253: $? = 1
configure:7257: checking whether we are using the GNU Objective C compiler
configure:7276: gcc -c   conftest.m >&5
gcc: error trying to exec 'cc1obj': execvp: No such file or directory
configure:7276: $? = 1
configure: failed program was:
| /* confdefs.h */
| #define PACKAGE_NAME "Protocol Buffers"
| #define PACKAGE_TARNAME "protobuf"
| #define PACKAGE_VERSION "3.5.0"
| #define PACKAGE_STRING "Protocol Buffers 3.5.0"
| #define PACKAGE_BUGREPORT "protobuf@googlegroups.com"
| #define PACKAGE_URL ""
| #define PACKAGE "protobuf"
| #define VERSION "3.5.0"
| #define STDC_HEADERS 1
| #define HAVE_SYS_TYPES_H 1
| #define HAVE_SYS_STAT_H 1
| #define HAVE_STDLIB_H 1
| #define HAVE_STRING_H 1
| #define HAVE_MEMORY_H 1
| #define HAVE_STRINGS_H 1
| #define HAVE_INTTYPES_H 1
| #define HAVE_STDINT_H 1
| #define HAVE_UNISTD_H 1
| #define __EXTENSIONS__ 1
| #define _ALL_SOURCE 1
| #define _GNU_SOURCE 1
| #define _POSIX_PTHREAD_SEMANTICS 1
| #define _TANDEM_SOURCE 1
| /* end confdefs.h.  */
| 
| int
| main ()
| {
| #ifndef __GNUC__
|        choke me
| #endif
| 
|   ;
|   return 0;
| }
configure:7285: result: no
configure:7294: checking whether gcc accepts -g
configure:7314: gcc -c -g  conftest.m >&5
gcc: error trying to exec 'cc1obj': execvp: No such file or directory
configure:7314: $? = 1
configure: failed program was:
| /* confdefs.h */
| #define PACKAGE_NAME "Protocol Buffers"
| #define PACKAGE_TARNAME "protobuf"
| #define PACKAGE_VERSION "3.5.0"
| #define PACKAGE_STRING "Protocol Buffers 3.5.0"
| #define PACKAGE_BUGREPORT "protobuf@googlegroups.com"
| #define PACKAGE_URL ""
| #define PACKAGE "protobuf"
| #define VERSION "3.5.0"
| #define STDC_HEADERS 1
| #define HAVE_SYS_TYPES_H 1
| #define HAVE_SYS_STAT_H 1
| #define HAVE_STDLIB_H 1
| #define HAVE_STRING_H 1
| #define HAVE_MEMORY_H 1
| #define HAVE_STRINGS_H 1
| #define HAVE_INTTYPES_H 1
| #define HAVE_STDINT_H 1
| #define HAVE_UNISTD_H 1
| #define __EXTENSIONS__ 1
| #define _ALL_SOURCE 1
| #define _GNU_SOURCE 1
| #define _POSIX_PTHREAD_SEMANTICS 1
| #define _TANDEM_SOURCE 1
| /* end confdefs.h.  */
| 
| int
| main ()
| {
| 
|   ;
|   return 0;
| }
configure:7329: gcc -c   conftest.m >&5
gcc: error trying to exec 'cc1obj': execvp: No such file or directory
configure:7329: $? = 1
configure: failed program was:
| /* confdefs.h */
| #define PACKAGE_NAME "Protocol Buffers"
| #define PACKAGE_TARNAME "protobuf"
| #define PACKAGE_VERSION "3.5.0"
| #define PACKAGE_STRING "Protocol Buffers 3.5.0"
| #define PACKAGE_BUGREPORT "protobuf@googlegroups.com"
| #define PACKAGE_URL ""
| #define PACKAGE "protobuf"
| #define VERSION "3.5.0"
| #define STDC_HEADERS 1
| #define HAVE_SYS_TYPES_H 1
| #define HAVE_SYS_STAT_H 1
| #define HAVE_STDLIB_H 1
| #define HAVE_STRING_H 1
| #define HAVE_MEMORY_H 1
| #define HAVE_STRINGS_H 1
| #define HAVE_INTTYPES_H 1
| #define HAVE_STDINT_H 1
| #define HAVE_UNISTD_H 1
| #define __EXTENSIONS__ 1
| #define _ALL_SOURCE 1
| #define _GNU_SOURCE 1
| #define _POSIX_PTHREAD_SEMANTICS 1
| #define _TANDEM_SOURCE 1
| /* end confdefs.h.  */
| 
| int
| main ()
| {
| 
|   ;
|   return 0;
| }
configure:7345: gcc -c -g  conftest.m >&5
gcc: error trying to exec 'cc1obj': execvp: No such file or directory
configure:7345: $? = 1
configure: failed program was:
| /* confdefs.h */
| #define PACKAGE_NAME "Protocol Buffers"
| #define PACKAGE_TARNAME "protobuf"
| #define PACKAGE_VERSION "3.5.0"
| #define PACKAGE_STRING "Protocol Buffers 3.5.0"
| #define PACKAGE_BUGREPORT "protobuf@googlegroups.com"
| #define PACKAGE_URL ""
| #define PACKAGE "protobuf"
| #define VERSION "3.5.0"
| #define STDC_HEADERS 1
| #define HAVE_SYS_TYPES_H 1
| #define HAVE_SYS_STAT_H 1
| #define HAVE_STDLIB_H 1
| #define HAVE_STRING_H 1
| #define HAVE_MEMORY_H 1
| #define HAVE_STRINGS_H 1
| #define HAVE_INTTYPES_H 1
| #define HAVE_STDINT_H 1
| #define HAVE_UNISTD_H 1
| #define __EXTENSIONS__ 1
| #define _ALL_SOURCE 1
| #define _GNU_SOURCE 1
| #define _POSIX_PTHREAD_SEMANTICS 1
| #define _TANDEM_SOURCE 1
| /* end confdefs.h.  */
| 
| int
| main ()
| {
| 
|   ;
|   return 0;
| }
configure:7355: result: no
configure:7380: checking dependency style of gcc
configure:7489: result: gcc3
configure:7506: checking C++ compiler flags...
configure:7522: result: use default: -O2  -g -DNDEBUG
configure:7542: checking whether __SUNPRO_CC is declared
configure:7542: g++ -c  -g -DNDEBUG  conftest.cpp >&5
conftest.cpp: In function 'int main()':
conftest.cpp:64:10: error: '__SUNPRO_CC' was not declared in this scope
   (void) __SUNPRO_CC;
          ^~~~~~~~~~~
configure:7542: $? = 1
configure: failed program was:
| /* confdefs.h */
| #define PACKAGE_NAME "Protocol Buffers"
| #define PACKAGE_TARNAME "protobuf"
| #define PACKAGE_VERSION "3.5.0"
| #define PACKAGE_STRING "Protocol Buffers 3.5.0"
| #define PACKAGE_BUGREPORT "protobuf@googlegroups.com"
| #define PACKAGE_URL ""
| #define PACKAGE "protobuf"
| #define VERSION "3.5.0"
| #define STDC_HEADERS 1
| #define HAVE_SYS_TYPES_H 1
| #define HAVE_SYS_STAT_H 1
| #define HAVE_STDLIB_H 1
| #define HAVE_STRING_H 1
| #define HAVE_MEMORY_H 1
| #define HAVE_STRINGS_H 1
| #define HAVE_INTTYPES_H 1
| #define HAVE_STDINT_H 1
| #define HAVE_UNISTD_H 1
| #define __EXTENSIONS__ 1
| #define _ALL_SOURCE 1
| #define _GNU_SOURCE 1
| #define _POSIX_PTHREAD_SEMANTICS 1
| #define _TANDEM_SOURCE 1
| /* end confdefs.h.  */
| #include <stdio.h>
| #ifdef HAVE_SYS_TYPES_H
| # include <sys/types.h>
| #endif
| #ifdef HAVE_SYS_STAT_H
| # include <sys/stat.h>
| #endif
| #ifdef STDC_HEADERS
| # include <stdlib.h>
| # include <stddef.h>
| #else
| # ifdef HAVE_STDLIB_H
| #  include <stdlib.h>
| # endif
| #endif
| #ifdef HAVE_STRING_H
| # if !defined STDC_HEADERS && defined HAVE_MEMORY_H
| #  include <memory.h>
| # endif
| # include <string.h>
| #endif
| #ifdef HAVE_STRINGS_H
| # include <strings.h>
| #endif
| #ifdef HAVE_INTTYPES_H
| # include <inttypes.h>
| #endif
| #ifdef HAVE_STDINT_H
| # include <stdint.h>
| #endif
| #ifdef HAVE_UNISTD_H
| # include <unistd.h>
| #endif
| int
| main ()
| {
| #ifndef __SUNPRO_CC
| #ifdef __cplusplus
|   (void) __SUNPRO_CC;
| #else
|   (void) __SUNPRO_CC;
| #endif
| #endif
| 
|   ;
|   return 0;
| }
configure:7542: result: no
configure:7706: checking how to print strings
configure:7733: result: printf
configure:7754: checking for a sed that does not truncate output
configure:7818: result: /usr/bin/sed
configure:7836: checking for fgrep
configure:7898: result: /usr/bin/grep -F
configure:7933: checking for ld used by gcc
configure:8000: result: /usr/bin/ld
configure:8007: checking if the linker (/usr/bin/ld) is GNU ld
configure:8022: result: yes
configure:8034: checking for BSD- or MS-compatible name lister (nm)
configure:8088: result: /usr/bin/nm -B
configure:8218: checking the name lister (/usr/bin/nm -B) interface
configure:8225: g++ -c  -g -DNDEBUG  conftest.cpp >&5
configure:8228: /usr/bin/nm -B "conftest.o"
configure:8231: output
0000000000000000 B some_variable
configure:8238: result: BSD nm
configure:8241: checking whether ln -s works
configure:8245: result: yes
configure:8253: checking the maximum length of command line arguments
configure:8384: result: 1572864
configure:8432: checking how to convert x86_64-pc-linux-gnu file names to x86_64-pc-linux-gnu format
configure:8472: result: func_convert_file_noop
configure:8479: checking how to convert x86_64-pc-linux-gnu file names to toolchain format
configure:8499: result: func_convert_file_noop
configure:8506: checking for /usr/bin/ld option to reload object files
configure:8513: result: -r
configure:8587: checking for objdump
configure:8603: found /usr/bin/objdump
configure:8614: result: objdump
configure:8646: checking how to recognize dependent libraries
configure:8846: result: pass_all
configure:8931: checking for dlltool
configure:8961: result: no
configure:8991: checking how to associate runtime and link libraries
configure:9018: result: printf %s\n
configure:9158: checking for archiver @FILE support
configure:9175: g++ -c  -g -DNDEBUG  conftest.cpp >&5
configure:9175: $? = 0
configure:9178: ar cr libconftest.a @conftest.lst >&5
configure:9181: $? = 0
configure:9186: ar cr libconftest.a @conftest.lst >&5
ar: conftest.o: No such file or directory
configure:9189: $? = 1
configure:9201: result: @
configure:9259: checking for strip
configure:9275: found /usr/bin/strip
configure:9286: result: strip
configure:9358: checking for ranlib
configure:9374: found /usr/bin/ranlib
configure:9385: result: ranlib
configure:9487: checking command to parse /usr/bin/nm -B output from gcc object
configure:9640: g++ -c  -g -DNDEBUG  conftest.cpp >&5
configure:9643: $? = 0
configure:9647: /usr/bin/nm -B conftest.o \| sed -n -e 's/^.*[ ]\([ABCDGIRSTW][ABCDGIRSTW]*\)[ ][ ]*\([_A-Za-z][_A-Za-z0-9]*\)$/\1 \2 \2/p' | sed '/ __gnu_lto/d' \> conftest.nm
configure:9650: $? = 0
configure:9716: g++ -o conftest  -g -DNDEBUG   conftest.cpp conftstm.o >&5
configure:9719: $? = 0
configure:9757: result: ok
configure:9804: checking for sysroot
configure:9834: result: no
configure:9841: checking for a working dd
configure:9879: result: /usr/bin/dd
configure:9883: checking how to truncate binary pipes
configure:9898: result: /usr/bin/dd bs=4096 count=1
configure:10034: g++ -c  -g -DNDEBUG  conftest.cpp >&5
configure:10037: $? = 0
configure:10227: checking for mt
configure:10257: result: no
configure:10277: checking if : is a manifest tool
configure:10283: : '-?'
configure:10291: result: no
configure:10965: checking for dlfcn.h
configure:10965: g++ -c  -g -DNDEBUG  conftest.cpp >&5
configure:10965: $? = 0
configure:10965: result: yes
configure:11231: checking for objdir
configure:11246: result: .libs
configure:11510: checking if gcc supports -fno-rtti -fno-exceptions
configure:11528: gcc -c   -fno-rtti -fno-exceptions conftest.c >&5
cc1: warning: command line option '-fno-rtti' is valid for C++/ObjC++ but not for C
configure:11532: $? = 0
configure:11545: result: no
configure:11903: checking for gcc option to produce PIC
configure:11910: result: -fPIC -DPIC
configure:11918: checking if gcc PIC flag -fPIC -DPIC works
configure:11936: gcc -c   -fPIC -DPIC -DPIC conftest.c >&5
configure:11940: $? = 0
configure:11953: result: yes
configure:11982: checking if gcc static flag -static works
configure:12010: result: yes
configure:12025: checking if gcc supports -c -o file.o
configure:12046: gcc -c   -o out/conftest2.o conftest.c >&5
configure:12050: $? = 0
configure:12072: result: yes
configure:12080: checking if gcc supports -c -o file.o
configure:12127: result: yes
configure:12160: checking whether the gcc linker (/usr/bin/ld -m elf_x86_64) supports shared libraries
configure:13421: result: yes
configure:13661: checking dynamic linker characteristics
configure:14242: gcc -o conftest    -Wl,-rpath -Wl,/foo conftest.c  >&5
configure:14242: $? = 0
configure:14479: result: GNU/Linux ld.so
configure:14601: checking how to hardcode library paths into programs
configure:14626: result: immediate
configure:15174: checking whether stripping libraries is possible
configure:15183: result: yes
configure:15225: checking if libtool supports shared libraries
configure:15227: result: yes
configure:15230: checking whether to build shared libraries
configure:15255: result: no
configure:15258: checking whether to build static libraries
configure:15262: result: yes
configure:15285: checking how to run the C++ preprocessor
configure:15351: result: g++ -E
configure:15371: g++ -E  conftest.cpp
configure:15371: $? = 0
configure:15385: g++ -E  conftest.cpp
conftest.cpp:28:10: fatal error: ac_nonexistent.h: No such file or directory
 #include <ac_nonexistent.h>
          ^~~~~~~~~~~~~~~~~~
compilation terminated.
configure:15385: $? = 1
configure: failed program was:
| /* confdefs.h */
| #define PACKAGE_NAME "Protocol Buffers"
| #define PACKAGE_TARNAME "protobuf"
| #define PACKAGE_VERSION "3.5.0"
| #define PACKAGE_STRING "Protocol Buffers 3.5.0"
| #define PACKAGE_BUGREPORT "protobuf@googlegroups.com"
| #define PACKAGE_URL ""
| #define PACKAGE "protobuf"
| #define VERSION "3.5.0"
| #define STDC_HEADERS 1
| #define HAVE_SYS_TYPES_H 1
| #define HAVE_SYS_STAT_H 1
| #define HAVE_STDLIB_H 1
| #define HAVE_STRING_H 1
| #define HAVE_MEMORY_H 1
| #define HAVE_STRINGS_H 1
| #define HAVE_INTTYPES_H 1
| #define HAVE_STDINT_H 1
| #define HAVE_UNISTD_H 1
| #define __EXTENSIONS__ 1
| #define _ALL_SOURCE 1
| #define _GNU_SOURCE 1
| #define _POSIX_PTHREAD_SEMANTICS 1
| #define _TANDEM_SOURCE 1
| #define HAVE_DLFCN_H 1
| #define LT_OBJDIR ".libs/"
| /* end confdefs.h.  */
| #include <ac_nonexistent.h>
configure:15547: checking for ld used by g++
configure:15614: result: /usr/bin/ld -m elf_x86_64
configure:15621: checking if the linker (/usr/bin/ld -m elf_x86_64) is GNU ld
configure:15636: result: yes
configure:15691: checking whether the g++ linker (/usr/bin/ld -m elf_x86_64) supports shared libraries
configure:16765: result: yes
configure:16801: g++ -c  -g -DNDEBUG  conftest.cpp >&5
configure:16804: $? = 0
configure:17285: checking for g++ option to produce PIC
configure:17292: result: -fPIC -DPIC
configure:17300: checking if g++ PIC flag -fPIC -DPIC works
configure:17318: g++ -c  -g -DNDEBUG  -fPIC -DPIC -DPIC conftest.cpp >&5
configure:17322: $? = 0
configure:17335: result: yes
configure:17358: checking if g++ static flag -static works
configure:17386: result: yes
configure:17398: checking if g++ supports -c -o file.o
configure:17419: g++ -c  -g -DNDEBUG  -o out/conftest2.o conftest.cpp >&5
configure:17423: $? = 0
configure:17445: result: yes
configure:17450: checking if g++ supports -c -o file.o
configure:17497: result: yes
configure:17527: checking whether the g++ linker (/usr/bin/ld -m elf_x86_64) supports shared libraries
configure:17567: result: yes
configure:17708: checking dynamic linker characteristics
configure:18453: result: GNU/Linux ld.so
configure:18518: checking how to hardcode library paths into programs
configure:18543: result: immediate
configure:18606: checking whether the linker supports version scripts
configure:18622: g++ -o conftest  -g -DNDEBUG   -Wl,--version-script=conftest.map conftest.cpp  >&5
configure:18622: $? = 0
configure:18623: result: yes
configure:18642: checking for ANSI C header files
configure:18746: result: yes
configure:18757: checking fcntl.h usability
configure:18757: g++ -c  -g -DNDEBUG  conftest.cpp >&5
configure:18757: $? = 0
configure:18757: result: yes
configure:18757: checking fcntl.h presence
configure:18757: g++ -E  conftest.cpp
configure:18757: $? = 0
configure:18757: result: yes
configure:18757: checking for fcntl.h
configure:18757: result: yes
configure:18757: checking for inttypes.h
configure:18757: result: yes
configure:18757: checking limits.h usability
configure:18757: g++ -c  -g -DNDEBUG  conftest.cpp >&5
configure:18757: $? = 0
configure:18757: result: yes
configure:18757: checking limits.h presence
configure:18757: g++ -E  conftest.cpp
configure:18757: $? = 0
configure:18757: result: yes
configure:18757: checking for limits.h
configure:18757: result: yes
configure:18757: checking for stdlib.h
configure:18757: result: yes
configure:18757: checking for unistd.h
configure:18757: result: yes
configure:18769: checking for working memcmp
configure:18812: g++ -o conftest  -g -DNDEBUG   conftest.cpp  >&5
configure:18812: $? = 0
configure:18812: ./conftest
configure:18812: $? = 0
configure:18822: result: yes
configure:18831: checking for working strtod
configure:18872: g++ -o conftest  -g -DNDEBUG   conftest.cpp  >&5
conftest.cpp: In function 'int main()':
conftest.cpp:76:20: warning: ISO C++ forbids converting a string constant to 'char*' [-Wwrite-strings]
     char *string = " +69";
                    ^~~~~~
conftest.cpp:87:20: warning: ISO C++ forbids converting a string constant to 'char*' [-Wwrite-strings]
     char *string = "NaN";
                    ^~~~~
configure:18872: $? = 0
configure:18872: ./conftest
configure:18872: $? = 0
configure:18882: result: yes
configure:18947: checking for ftruncate
configure:18947: g++ -o conftest  -g -DNDEBUG   conftest.cpp  >&5
configure:18947: $? = 0
configure:18947: result: yes
configure:18947: checking for memset
configure:18947: g++ -o conftest  -g -DNDEBUG   conftest.cpp  >&5
conftest.cpp:58:6: warning: declaration of 'char memset()' conflicts with built-in declaration 'void* memset(void*, int, long unsigned int)' [-Wbuiltin-declaration-mismatch]
 char memset ();
      ^~~~~~
configure:18947: $? = 0
configure:18947: result: yes
configure:18947: checking for mkdir
configure:18947: g++ -o conftest  -g -DNDEBUG   conftest.cpp  >&5
configure:18947: $? = 0
configure:18947: result: yes
configure:18947: checking for strchr
configure:18947: g++ -o conftest  -g -DNDEBUG   conftest.cpp  >&5
conftest.cpp:60:6: warning: declaration of 'char strchr()' conflicts with built-in declaration 'char* strchr(const char*, int)' [-Wbuiltin-declaration-mismatch]
 char strchr ();
      ^~~~~~
configure:18947: $? = 0
configure:18947: result: yes
configure:18947: checking for strerror
configure:18947: g++ -o conftest  -g -DNDEBUG   conftest.cpp  >&5
configure:18947: $? = 0
configure:18947: result: yes
configure:18947: checking for strtol
configure:18947: g++ -o conftest  -g -DNDEBUG   conftest.cpp  >&5
configure:18947: $? = 0
configure:18947: result: yes
configure:18961: checking zlib version
configure:18981: g++ -c  -g -DNDEBUG  conftest.cpp >&5
configure:18981: $? = 0
configure:18983: result: ok (1.2.0.4 or later)
configure:18987: checking for library containing zlibVersion
configure:19018: g++ -o conftest  -g -DNDEBUG   conftest.cpp  >&5
/tmp/ccGd15IX.o: In function `main':
/home/ds/prog/my/archivarius/libs/protobuf-3.5.0/conftest.cpp:51: undefined reference to `zlibVersion'
collect2: error: ld returned 1 exit status
configure:19018: $? = 1
configure: failed program was:
| /* confdefs.h */
| #define PACKAGE_NAME "Protocol Buffers"
| #define PACKAGE_TARNAME "protobuf"
| #define PACKAGE_VERSION "3.5.0"
| #define PACKAGE_STRING "Protocol Buffers 3.5.0"
| #define PACKAGE_BUGREPORT "protobuf@googlegroups.com"
| #define PACKAGE_URL ""
| #define PACKAGE "protobuf"
| #define VERSION "3.5.0"
| #define STDC_HEADERS 1
| #define HAVE_SYS_TYPES_H 1
| #define HAVE_SYS_STAT_H 1
| #define HAVE_STDLIB_H 1
| #define HAVE_STRING_H 1
| #define HAVE_MEMORY_H 1
| #define HAVE_STRINGS_H 1
| #define HAVE_INTTYPES_H 1
| #define HAVE_STDINT_H 1
| #define HAVE_UNISTD_H 1
| #define __EXTENSIONS__ 1
| #define _ALL_SOURCE 1
| #define _GNU_SOURCE 1
| #define _POSIX_PTHREAD_SEMANTICS 1
| #define _TANDEM_SOURCE 1
| #define HAVE_DLFCN_H 1
| #define LT_OBJDIR ".libs/"
| #define STDC_HEADERS 1
| #define HAVE_FCNTL_H 1
| #define HAVE_INTTYPES_H 1
| #define HAVE_LIMITS_H 1
| #define HAVE_STDLIB_H 1
| #define HAVE_UNISTD_H 1
| #define HAVE_FTRUNCATE 1
| #define HAVE_MEMSET 1
| #define HAVE_MKDIR 1
| #define HAVE_STRCHR 1
| #define HAVE_STRERROR 1
| #define HAVE_STRTOL 1
| /* end confdefs.h.  */
| 
| /* Override any GCC internal prototype to avoid an error.
|    Use char because int might match the return type of a GCC
|    builtin and then its argument prototype would still apply.  */
| #ifdef __cplusplus
| extern "C"
| #endif
| char zlibVersion ();
| int
| main ()
| {
| return zlibVersion ();
|   ;
|   return 0;
| }
configure:19018: g++ -o conftest  -g -DNDEBUG   conftest.cpp -lz   >&5
configure:19018: $? = 0
configure:19035: result: -lz
configure:19286: checking for the pthreads library -lpthreads
configure:19319: gcc -o conftest     conftest.c -lpthreads -lz  >&5
/usr/bin/ld: cannot find -lpthreads
collect2: error: ld returned 1 exit status
configure:19319: $? = 1
configure: failed program was:
| /* confdefs.h */
| #define PACKAGE_NAME "Protocol Buffers"
| #define PACKAGE_TARNAME "protobuf"
| #define PACKAGE_VERSION "3.5.0"
| #define PACKAGE_STRING "Protocol Buffers 3.5.0"
| #define PACKAGE_BUGREPORT "protobuf@googlegroups.com"
| #define PACKAGE_URL ""
| #define PACKAGE "protobuf"
| #define VERSION "3.5.0"
| #define STDC_HEADERS 1
| #define HAVE_SYS_TYPES_H 1
| #define HAVE_SYS_STAT_H 1
| #define HAVE_STDLIB_H 1
| #define HAVE_STRING_H 1
| #define HAVE_MEMORY_H 1
| #define HAVE_STRINGS_H 1
| #define HAVE_INTTYPES_H 1
| #define HAVE_STDINT_H 1
| #define HAVE_UNISTD_H 1
| #define __EXTENSIONS__ 1
| #define _ALL_SOURCE 1
| #define _GNU_SOURCE 1
| #define _POSIX_PTHREAD_SEMANTICS 1
| #define _TANDEM_SOURCE 1
| #define HAVE_DLFCN_H 1
| #define LT_OBJDIR ".libs/"
| #define STDC_HEADERS 1
| #define HAVE_FCNTL_H 1
| #define HAVE_INTTYPES_H 1
| #define HAVE_LIMITS_H 1
| #define HAVE_STDLIB_H 1
| #define HAVE_UNISTD_H 1
| #define HAVE_FTRUNCATE 1
| #define HAVE_MEMSET 1
| #define HAVE_MKDIR 1
| #define HAVE_STRCHR 1
| #define HAVE_STRERROR 1
| #define HAVE_STRTOL 1
| #define HAVE_ZLIB 1
| /* end confdefs.h.  */
| #include <pthread.h>
| int
| main ()
| {
| pthread_t th; pthread_join(th, 0);
|                      pthread_attr_init(0); pthread_cleanup_push(0, 0);
|                      pthread_create(0,0,0,0); pthread_cleanup_pop(0);
|   ;
|   return 0;
| }
configure:19328: result: no
configure:19231: checking whether pthreads work without any flags
configure:19319: gcc -o conftest     conftest.c  -lz  >&5
/tmp/ccsOi7xh.o: In function `main':
conftest.c:(.text+0x27): undefined reference to `pthread_join'
conftest.c:(.text+0x90): undefined reference to `__pthread_register_cancel'
conftest.c:(.text+0xa9): undefined reference to `pthread_create'
conftest.c:(.text+0xb5): undefined reference to `__pthread_unregister_cancel'
collect2: error: ld returned 1 exit status
configure:19319: $? = 1
configure: failed program was:
| /* confdefs.h */
| #define PACKAGE_NAME "Protocol Buffers"
| #define PACKAGE_TARNAME "protobuf"
| #define PACKAGE_VERSION "3.5.0"
| #define PACKAGE_STRING "Protocol Buffers 3.5.0"
| #define PACKAGE_BUGREPORT "protobuf@googlegroups.com"
| #define PACKAGE_URL ""
| #define PACKAGE "protobuf"
| #define VERSION "3.5.0"
| #define STDC_HEADERS 1
| #define HAVE_SYS_TYPES_H 1
| #define HAVE_SYS_STAT_H 1
| #define HAVE_STDLIB_H 1
| #define HAVE_STRING_H 1
| #define HAVE_MEMORY_H 1
| #define HAVE_STRINGS_H 1
| #define HAVE_INTTYPES_H 1
| #define HAVE_STDINT_H 1
| #define HAVE_UNISTD_H 1
| #define __EXTENSIONS__ 1
| #define _ALL_SOURCE 1
| #define _GNU_SOURCE 1
| #define _POSIX_PTHREAD_SEMANTICS 1
| #define _TANDEM_SOURCE 1
| #define HAVE_DLFCN_H 1
| #define LT_OBJDIR ".libs/"
| #define STDC_HEADERS 1
| #define HAVE_FCNTL_H 1
| #define HAVE_INTTYPES_H 1
| #define HAVE_LIMITS_H 1
| #define HAVE_STDLIB_H 1
| #define HAVE_UNISTD_H 1
| #define HAVE_FTRUNCATE 1
| #define HAVE_MEMSET 1
| #define HAVE_MKDIR 1
| #define HAVE_STRCHR 1
| #define HAVE_STRERROR 1
| #define HAVE_STRTOL 1
| #define HAVE_ZLIB 1
| /* end confdefs.h.  */
| #include <pthread.h>
| int
| main ()
| {
| pthread_t th; pthread_join(th, 0);
|                      pthread_attr_init(0); pthread_cleanup_push(0, 0);
|                      pthread_create(0,0,0,0); pthread_cleanup_pop(0);
|   ;
|   return 0;
| }
configure:19328: result: no
configure:19236: checking whether pthreads work with -Kthread
configure:19319: gcc -o conftest  -Kthread   conftest.c  -lz  >&5
gcc: error: unrecognized command line option '-Kthread'; did you mean '-pthread'?
configure:19319: $? = 1
configure: failed program was:
| /* confdefs.h */
| #define PACKAGE_NAME "Protocol Buffers"
| #define PACKAGE_TARNAME "protobuf"
| #define PACKAGE_VERSION "3.5.0"
| #define PACKAGE_STRING "Protocol Buffers 3.5.0"
| #define PACKAGE_BUGREPORT "protobuf@googlegroups.com"
| #define PACKAGE_URL ""
| #define PACKAGE "protobuf"
| #define VERSION "3.5.0"
| #define STDC_HEADERS 1
| #define HAVE_SYS_TYPES_H 1
| #define HAVE_SYS_STAT_H 1
| #define HAVE_STDLIB_H 1
| #define HAVE_STRING_H 1
| #define HAVE_MEMORY_H 1
| #define HAVE_STRINGS_H 1
| #define HAVE_INTTYPES_H 1
| #define HAVE_STDINT_H 1
| #define HAVE_UNISTD_H 1
| #define __EXTENSIONS__ 1
| #define _ALL_SOURCE 1
| #define _GNU_SOURCE 1
| #define _POSIX_PTHREAD_SEMANTICS 1
| #define _TANDEM_SOURCE 1
| #define HAVE_DLFCN_H 1
| #define LT_OBJDIR ".libs/"
| #define STDC_HEADERS 1
| #define HAVE_FCNTL_H 1
| #define HAVE_INTTYPES_H 1
| #define HAVE_LIMITS_H 1
| #define HAVE_STDLIB_H 1
| #define HAVE_UNISTD_H 1
| #define HAVE_FTRUNCATE 1
| #define HAVE_MEMSET 1
| #define HAVE_MKDIR 1
| #define HAVE_STRCHR 1
| #define HAVE_STRERROR 1
| #define HAVE_STRTOL 1
| #define HAVE_ZLIB 1
| /* end confdefs.h.  */
| #include <pthread.h>
| int
| main ()
| {
| pthread_t th; pthread_join(th, 0);
|                      pthread_attr_init(0); pthread_cleanup_push(0, 0);
|                      pthread_create(0,0,0,0); pthread_cleanup_pop(0);
|   ;
|   return 0;
| }
configure:19328: result: no
configure:19236: checking whether pthreads work with -kthread
configure:19319: gcc -o conftest  -kthread   conftest.c  -lz  >&5
gcc: error: unrecognized command line option '-kthread'; did you mean '-pthread'?
configure:19319: $? = 1
configure: failed program was:
| /* confdefs.h */
| #define PACKAGE_NAME "Protocol Buffers"
| #define PACKAGE_TARNAME "protobuf"
| #define PACKAGE_VERSION "3.5.0"
| #define PACKAGE_STRING "Protocol Buffers 3.5.0"
| #define PACKAGE_BUGREPORT "protobuf@googlegroups.com"
| #define PACKAGE_URL ""
| #define PACKAGE "protobuf"
| #define VERSION "3.5.0"
| #define STDC_HEADERS 1
| #define HAVE_SYS_TYPES_H 1
| #define HAVE_SYS_STAT_H 1
| #define HAVE_STDLIB_H 1
| #define HAVE_STRING_H 1
| #define HAVE_MEMORY_H 1
| #define HAVE_STRINGS_H 1
| #define HAVE_INTTYPES_H 1
| #define HAVE_STDINT_H 1
| #define HAVE_UNISTD_H 1
| #define __EXTENSIONS__ 1
| #define _ALL_SOURCE 1
| #define _GNU_SOURCE 1
| #define _POSIX_PTHREAD_SEMANTICS 1
| #define _TANDEM_SOURCE 1
| #define HAVE_DLFCN_H 1
| #define LT_OBJDIR ".libs/"
| #define STDC_HEADERS 1
| #define HAVE_FCNTL_H 1
| #define HAVE_INTTYPES_H 1
| #define HAVE_LIMITS_H 1
| #define HAVE_STDLIB_H 1
| #define HAVE_UNISTD_H 1
| #define HAVE_FTRUNCATE 1
| #define HAVE_MEMSET 1
| #define HAVE_MKDIR 1
| #define HAVE_STRCHR 1
| #define HAVE_STRERROR 1
| #define HAVE_STRTOL 1
| #define HAVE_ZLIB 1
| /* end confdefs.h.  */
| #include <pthread.h>
| int
| main ()
| {
| pthread_t th; pthread_join(th, 0);
|                      pthread_attr_init(0); pthread_cleanup_push(0, 0);
|                      pthread_create(0,0,0,0); pthread_cleanup_pop(0);
|   ;
|   return 0;
| }
configure:19328: result: no
configure:19286: checking for the pthreads library -llthread
configure:19319: gcc -o conftest     conftest.c -llthread -lz  >&5
/usr/bin/ld: cannot find -llthread
collect2: error: ld returned 1 exit status
configure:19319: $? = 1
configure: failed program was:
| /* confdefs.h */
| #define PACKAGE_NAME "Protocol Buffers"
| #define PACKAGE_TARNAME "protobuf"
| #define PACKAGE_VERSION "3.5.0"
| #define PACKAGE_STRING "Protocol Buffers 3.5.0"
| #define PACKAGE_BUGREPORT "protobuf@googlegroups.com"
| #define PACKAGE_URL ""
| #define PACKAGE "protobuf"
| #define VERSION "3.5.0"
| #define STDC_HEADERS 1
| #define HAVE_SYS_TYPES_H 1
| #define HAVE_SYS_STAT_H 1
| #define HAVE_STDLIB_H 1
| #define HAVE_STRING_H 1
| #define HAVE_MEMORY_H 1
| #define HAVE_STRINGS_H 1
| #define HAVE_INTTYPES_H 1
| #define HAVE_STDINT_H 1
| #define HAVE_UNISTD_H 1
| #define __EXTENSIONS__ 1
| #define _ALL_SOURCE 1
| #define _GNU_SOURCE 1
| #define _POSIX_PTHREAD_SEMANTICS 1
| #define _TANDEM_SOURCE 1
| #define HAVE_DLFCN_H 1
| #define LT_OBJDIR ".libs/"
| #define STDC_HEADERS 1
| #define HAVE_FCNTL_H 1
| #define HAVE_INTTYPES_H 1
| #define HAVE_LIMITS_H 1
| #define HAVE_STDLIB_H 1
| #define HAVE_UNISTD_H 1
| #define HAVE_FTRUNCATE 1
| #define HAVE_MEMSET 1
| #define HAVE_MKDIR 1
| #define HAVE_STRCHR 1
| #define HAVE_STRERROR 1
| #define HAVE_STRTOL 1
| #define HAVE_ZLIB 1
| /* end confdefs.h.  */
| #include <pthread.h>
| int
| main ()
| {
| pthread_t th; pthread_join(th, 0);
|                      pthread_attr_init(0); pthread_cleanup_push(0, 0);
|                      pthread_create(0,0,0,0); pthread_cleanup_pop(0);
|   ;
|   return 0;
| }
configure:19328: result: no
configure:19236: checking whether pthreads work with -pthread
configure:19319: gcc -o conftest  -pthread   conftest.c  -lz  >&5
configure:19319: $? = 0
configure:19328: result: yes
configure:19347: checking for joinable pthread attribute
configure:19362: gcc -o conftest  -pthread   conftest.c  -lz  >&5
configure:19362: $? = 0
configure:19368: result: PTHREAD_CREATE_JOINABLE
configure:19378: checking if more special flags are required for pthreads
configure:19385: result: no
configure:19474: checking whether to check for GCC pthread/shared inconsistencies
configure:19487: gcc -o conftest -shared -fPIC -Wl,-z,defs  -pthread   conftest.c  -lz  >&5
configure:19487: $? = 0
configure:19499: result: yes
configure:19505: checking whether -pthread is sufficient with -shared
configure:19520: gcc -o conftest -shared -fPIC -Wl,-z,defs  -pthread   conftest.c  -lz  >&5
configure:19520: $? = 0
configure:19527: result: yes
configure:19615: checking whether what we have so far is sufficient with -nostdlib
configure:19633: gcc -o conftest -nostdlib -shared -fPIC -Wl,-z,defs  -pthread   conftest.c  -lz  -lc >&5
/tmp/ccSTjXQL.o: In function `main':
conftest.c:(.text+0x27): undefined reference to `pthread_join'
conftest.c:(.text+0x90): undefined reference to `__pthread_register_cancel'
conftest.c:(.text+0xa9): undefined reference to `pthread_create'
conftest.c:(.text+0xb5): undefined reference to `__pthread_unregister_cancel'
collect2: error: ld returned 1 exit status
configure:19633: $? = 1
configure: failed program was:
| /* confdefs.h */
| #define PACKAGE_NAME "Protocol Buffers"
| #define PACKAGE_TARNAME "protobuf"
| #define PACKAGE_VERSION "3.5.0"
| #define PACKAGE_STRING "Protocol Buffers 3.5.0"
| #define PACKAGE_BUGREPORT "protobuf@googlegroups.com"
| #define PACKAGE_URL ""
| #define PACKAGE "protobuf"
| #define VERSION "3.5.0"
| #define STDC_HEADERS 1
| #define HAVE_SYS_TYPES_H 1
| #define HAVE_SYS_STAT_H 1
| #define HAVE_STDLIB_H 1
| #define HAVE_STRING_H 1
| #define HAVE_MEMORY_H 1
| #define HAVE_STRINGS_H 1
| #define HAVE_INTTYPES_H 1
| #define HAVE_STDINT_H 1
| #define HAVE_UNISTD_H 1
| #define __EXTENSIONS__ 1
| #define _ALL_SOURCE 1
| #define _GNU_SOURCE 1
| #define _POSIX_PTHREAD_SEMANTICS 1
| #define _TANDEM_SOURCE 1
| #define HAVE_DLFCN_H 1
| #define LT_OBJDIR ".libs/"
| #define STDC_HEADERS 1
| #define HAVE_FCNTL_H 1
| #define HAVE_INTTYPES_H 1
| #define HAVE_LIMITS_H 1
| #define HAVE_STDLIB_H 1
| #define HAVE_UNISTD_H 1
| #define HAVE_FTRUNCATE 1
| #define HAVE_MEMSET 1
| #define HAVE_MKDIR 1
| #define HAVE_STRCHR 1
| #define HAVE_STRERROR 1
| #define HAVE_STRTOL 1
| #define HAVE_ZLIB 1
| /* end confdefs.h.  */
| #include <pthread.h>
| int
| main ()
| {
| pthread_t th; pthread_join(th, 0);
| 	       pthread_attr_init(0); pthread_cleanup_push(0, 0);
| 	       pthread_create(0,0,0,0); pthread_cleanup_pop(0);
|   ;
|   return 0;
| }
configure:19645: result: no
configure:19650: checking whether -lpthread saves the day
configure:19666: gcc -o conftest -nostdlib -shared -fPIC -Wl,-z,defs  -pthread   conftest.c -lpthread  -lz  -lc >&5
configure:19666: $? = 0
configure:19675: result: yes
configure:19725: checking the location of hash_map
configure:19751: g++ -c  -g -DNDEBUG  conftest.cpp >&5
configure:19751: $? = 0
configure:19773: g++ -c  -g -DNDEBUG  conftest.cpp >&5
configure:19773: $? = 0
configure:19840: result: <unordered_map>
configure:19855: checking for library containing sched_yield
configure:19886: g++ -o conftest  -g -DNDEBUG   conftest.cpp -lz  >&5
configure:19886: $? = 0
configure:19903: result: none required
configure:19942: checking whether g++ supports C++11 features by default
configure:20255: g++ -c  -g -DNDEBUG  conftest.cpp >&5
configure:20255: $? = 0
configure:20262: result: yes
configure:20764: checking that generated files are newer than configure
configure:20770: result: done
configure:20833: creating ./config.status

## ---------------------- ##
## Running config.status. ##
## ---------------------- ##

This file was extended by Protocol Buffers config.status 3.5.0, which was
generated by GNU Autoconf 2.69.  Invocation command line was

  CONFIG_FILES    = 
  CONFIG_HEADERS  = 
  CONFIG_LINKS    = 
  CONFIG_COMMANDS = 
  $ ./config.status 

on ppk

config.status:1228: creating Makefile
config.status:1228: creating src/Makefile
config.status:1228: creating benchmarks/Makefile
config.status:1228: creating conformance/Makefile
config.status:1228: creating protobuf.pc
config.status:1228: creating protobuf-lite.pc
config.status:1228: creating config.h
config.status:1457: executing depfiles commands
config.status:1457: executing libtool commands
configure:23315: === configuring in gmock (/home/ds/prog/my/archivarius/libs/protobuf-3.5.0/gmock)
configure:23378: running /bin/sh ./configure --disable-option-checking '--prefix=/usr/local'  '--disable-shared' --cache-file=/dev/null --srcdir=.

## ---------------- ##
## Cache variables. ##
## ---------------- ##

ac_cv_build=x86_64-pc-linux-gnu
ac_cv_build_prog_CPP='gcc -E'
ac_cv_build_prog_CXXCPP='g++ -E'
ac_cv_build_prog_cc_g=yes
ac_cv_build_prog_cxx_g=yes
ac_cv_c_compiler_gnu=yes
ac_cv_cxx_compiler_gnu=yes
ac_cv_cxx_hash_map='<unordered_map>'
ac_cv_cxx_hash_map_class=unordered_map
ac_cv_cxx_hash_namespace=std
ac_cv_cxx_hash_set='<unordered_set>'
ac_cv_cxx_hash_set_class=unordered_set
ac_cv_env_CCC_set=
ac_cv_env_CCC_value=
ac_cv_env_CC_set=
ac_cv_env_CC_value=
ac_cv_env_CFLAGS_set=
ac_cv_env_CFLAGS_value=
ac_cv_env_CPPFLAGS_set=
ac_cv_env_CPPFLAGS_value=
ac_cv_env_CPP_set=
ac_cv_env_CPP_value=
ac_cv_env_CXXCPP_set=
ac_cv_env_CXXCPP_value=
ac_cv_env_CXXFLAGS_set=
ac_cv_env_CXXFLAGS_value=
ac_cv_env_CXX_set=
ac_cv_env_CXX_value=
ac_cv_env_DIST_LANG_set=
ac_cv_env_DIST_LANG_value=
ac_cv_env_LDFLAGS_set=
ac_cv_env_LDFLAGS_value=
ac_cv_env_LIBS_set=
ac_cv_env_LIBS_value=
ac_cv_env_LT_SYS_LIBRARY_PATH_set=
ac_cv_env_LT_SYS_LIBRARY_PATH_value=
ac_cv_env_OBJCFLAGS_set=
ac_cv_env_OBJCFLAGS_value=
ac_cv_env_OBJC_set=
ac_cv_env_OBJC_value=
ac_cv_env_build_alias_set=
ac_cv_env_build_alias_value=
ac_cv_env_host_alias_set=
ac_cv_env_host_alias_value=
ac_cv_env_target_alias_set=
ac_cv_env_target_alias_value=
ac_cv_func_ftruncate=yes
ac_cv_func_memcmp_working=yes
ac_cv_func_memset=yes
ac_cv_func_mkdir=yes
ac_cv_func_strchr=yes
ac_cv_func_strerror=yes
ac_cv_func_strtod=yes
ac_cv_func_strtol=yes
ac_cv_have_decl___SUNPRO_CC=no
ac_cv_header_dlfcn_h=yes
ac_cv_header_fcntl_h=yes
ac_cv_header_inttypes_h=yes
ac_cv_header_limits_h=yes
ac_cv_header_memory_h=yes
ac_cv_header_minix_config_h=no
ac_cv_header_stdc=yes
ac_cv_header_stdint_h=yes
ac_cv_header_stdlib_h=yes
ac_cv_header_string_h=yes
ac_cv_header_strings_h=yes
ac_cv_header_sys_stat_h=yes
ac_cv_header_sys_types_h=yes
ac_cv_header_unistd_h=yes
ac_cv_host=x86_64-pc-linux-gnu
ac_cv_objc_compiler_gnu=no
ac_cv_objext=o
ac_cv_path_EGREP='/usr/bin/grep -E'
ac_cv_path_FGREP='/usr/bin/grep -F'
ac_cv_path_GREP=/usr/bin/grep
ac_cv_path_SED=/usr/bin/sed
ac_cv_path_install='/usr/bin/install -c'
ac_cv_path_lt_DD=/usr/bin/dd
ac_cv_path_mkdir=/usr/bin/mkdir
ac_cv_prog_AWK=gawk
ac_cv_prog_CPP='gcc -E'
ac_cv_prog_CXXCPP='g++ -E'
ac_cv_prog_ac_ct_AR=ar
ac_cv_prog_ac_ct_CC=gcc
ac_cv_prog_ac_ct_CC_FOR_BUILD=gcc
ac_cv_prog_ac_ct_CXX=g++
ac_cv_prog_ac_ct_CXX_FOR_BUILD=g++
ac_cv_prog_ac_ct_OBJC=gcc
ac_cv_prog_ac_ct_OBJDUMP=objdump
ac_cv_prog_ac_ct_RANLIB=ranlib
ac_cv_prog_ac_ct_STRIP=strip
ac_cv_prog_cc_c89=
ac_cv_prog_cc_g=yes
ac_cv_prog_cxx_g=yes
ac_cv_prog_make_make_set=yes
ac_cv_prog_objc_g=no
ac_cv_safe_to_define___extensions__=yes
ac_cv_search_sched_yield='none required'
ac_cv_search_zlibVersion=-lz
ac_cv_target=x86_64-pc-linux-gnu
am_cv_CC_dependencies_compiler_type=gcc3
am_cv_CXX_dependencies_compiler_type=gcc3
am_cv_OBJC_dependencies_compiler_type=gcc3
am_cv_ar_interface=ar
am_cv_make_support_nested_variables=yes
am_cv_prog_cc_c_o=yes
am_cv_prog_tar_ustar=gnutar
ax_cv_cxx_compile_cxx11=yes
lt_cv_ar_at_file=@
lt_cv_deplibs_check_method=pass_all
lt_cv_file_magic_cmd='$MAGIC_CMD'
lt_cv_file_magic_test_file=
lt_cv_ld_reload_flag=-r
lt_cv_nm_interface='BSD nm'
lt_cv_objdir=.libs
lt_cv_path_LD=/usr/bin/ld
lt_cv_path_LDCXX='/usr/bin/ld -m elf_x86_64'
lt_cv_path_NM='/usr/bin/nm -B'
lt_cv_path_mainfest_tool=no
lt_cv_prog_compiler_c_o=yes
lt_cv_prog_compiler_c_o_CXX=yes
lt_cv_prog_compiler_pic='-fPIC -DPIC'
lt_cv_prog_compiler_pic_CXX='-fPIC -DPIC'
lt_cv_prog_compiler_pic_works=yes
lt_cv_prog_compiler_pic_works_CXX=yes
lt_cv_prog_compiler_rtti_exceptions=no
lt_cv_prog_compiler_static_works=yes
lt_cv_prog_compiler_static_works_CXX=yes
lt_cv_prog_gnu_ld=yes
lt_cv_prog_gnu_ldcxx=yes
lt_cv_sharedlib_from_linklib_cmd='printf %s\n'
lt_cv_shlibpath_overrides_runpath=no
lt_cv_sys_global_symbol_pipe='sed -n -e '\''s/^.*[	 ]\([ABCDGIRSTW][ABCDGIRSTW]*\)[	 ][	 ]*\([_A-Za-z][_A-Za-z0-9]*\)$/\1 \2 \2/p'\'' | sed '\''/ __gnu_lto/d'\'''
lt_cv_sys_global_symbol_to_c_name_address='sed -n -e '\''s/^: \(.*\) .*$/  {"\1", (void *) 0},/p'\'' -e '\''s/^[ABCDGIRSTW][ABCDGIRSTW]* .* \(.*\)$/  {"\1", (void *) \&\1},/p'\'''
lt_cv_sys_global_symbol_to_c_name_address_lib_prefix='sed -n -e '\''s/^: \(.*\) .*$/  {"\1", (void *) 0},/p'\'' -e '\''s/^[ABCDGIRSTW][ABCDGIRSTW]* .* \(lib.*\)$/  {"\1", (void *) \&\1},/p'\'' -e '\''s/^[ABCDGIRSTW][ABCDGIRSTW]* .* \(.*\)$/  {"lib\1", (void *) \&\1},/p'\'''
lt_cv_sys_global_symbol_to_cdecl='sed -n -e '\''s/^T .* \(.*\)$/extern int \1();/p'\'' -e '\''s/^[ABCDGIRSTW][ABCDGIRSTW]* .* \(.*\)$/extern char \1;/p'\'''
lt_cv_sys_global_symbol_to_import=
lt_cv_sys_max_cmd_len=1572864
lt_cv_to_host_file_cmd=func_convert_file_noop
lt_cv_to_tool_file_cmd=func_convert_file_noop
lt_cv_truncate_bin='/usr/bin/dd bs=4096 count=1'

## ----------------- ##
## Output variables. ##
## ----------------- ##

ACLOCAL='${SHELL} /home/ds/prog/my/archivarius/libs/protobuf-3.5.0/missing aclocal-1.15'
AMDEPBACKSLASH='\'
AMDEP_FALSE='#'
AMDEP_TRUE=''
AMTAR='$${TAR-tar}'
AM_BACKSLASH='\'
AM_DEFAULT_V='$(AM_DEFAULT_VERBOSITY)'
AM_DEFAULT_VERBOSITY='1'
AM_V='$(V)'
AR='ar'
AUTOCONF='${SHELL} /home/ds/prog/my/archivarius/libs/protobuf-3.5.0/missing autoconf'
AUTOHEADER='${SHELL} /home/ds/prog/my/archivarius/libs/protobuf-3.5.0/missing autoheader'
AUTOMAKE='${SHELL} /home/ds/prog/my/archivarius/libs/protobuf-3.5.0/missing automake-1.15'
AWK='gawk'
BUILD_EXEEXT=''
BUILD_OBJEXT=''
CC='gcc'
CCDEPMODE='depmode=gcc3'
CC_FOR_BUILD='gcc'
CFLAGS=''
CFLAGS_FOR_BUILD='-g -O2'
CPP='gcc -E'
CPPFLAGS=''
CPPFLAGS_FOR_BUILD=''
CPP_FOR_BUILD='gcc -E'
CXX='g++'
CXXCPP='g++ -E'
CXXCPPFLAGS_FOR_BUILD=''
CXXCPP_FOR_BUILD='g++ -E'
CXXDEPMODE='depmode=gcc3'
CXXFLAGS=' -g -DNDEBUG'
CXXFLAGS_FOR_BUILD='-g -O2'
CXX_FOR_BUILD='g++'
CYGPATH_W='echo'
DEFS='-DHAVE_CONFIG_H'
DEPDIR='.deps'
DIST_LANG='all'
DLLTOOL='false'
DSYMUTIL=''
DUMPBIN=''
ECHO_C=''
ECHO_N='-n'
ECHO_T=''
EGREP='/usr/bin/grep -E'
EXEEXT=''
FGREP='/usr/bin/grep -F'
GCC_FALSE='#'
GCC_TRUE=''
GREP='/usr/bin/grep'
HAVE_CXX11='1'
HAVE_LD_VERSION_SCRIPT_FALSE='#'
HAVE_LD_VERSION_SCRIPT_TRUE=''
HAVE_PTHREAD_FALSE='#'
HAVE_PTHREAD_TRUE=''
HAVE_ZLIB_FALSE='#'
HAVE_ZLIB_TRUE=''
INSTALL_DATA='${INSTALL} -m 644'
INSTALL_PROGRAM='${INSTALL}'
INSTALL_SCRIPT='${INSTALL}'
INSTALL_STRIP_PROGRAM='$(install_sh) -c -s'
ISAINFO=''
LD='/usr/bin/ld -m elf_x86_64'
LDFLAGS=''
LDFLAGS_FOR_BUILD=''
LIBOBJS=''
LIBS='-lz '
LIBTOOL='$(SHELL) $(top_builddir)/libtool'
LIPO=''
LN_S='ln -s'
LTLIBOBJS=''
LT_SYS_LIBRARY_PATH=''
MAINT=''
MAINTAINER_MODE_FALSE='#'
MAINTAINER_MODE_TRUE=''
MAKEINFO='${SHELL} /home/ds/prog/my/archivarius/libs/protobuf-3.5.0/missing makeinfo'
MANIFEST_TOOL=':'
MKDIR_P='/usr/bin/mkdir -p'
NM='/usr/bin/nm -B'
NMEDIT=''
OBJC='gcc'
OBJCDEPMODE='depmode=gcc3'
OBJCFLAGS=''
OBJC_CONFORMANCE_TEST_FALSE=''
OBJC_CONFORMANCE_TEST_TRUE='#'
OBJDUMP='objdump'
OBJEXT='o'
OTOOL64=''
OTOOL=''
PACKAGE='protobuf'
PACKAGE_BUGREPORT='protobuf@googlegroups.com'
PACKAGE_NAME='Protocol Buffers'
PACKAGE_STRING='Protocol Buffers 3.5.0'
PACKAGE_TARNAME='protobuf'
PACKAGE_URL=''
PACKAGE_VERSION='3.5.0'
PATH_SEPARATOR=':'
POW_LIB=''
PROTOBUF_OPT_FLAG='-O2'
PROTOC=''
PTHREAD_CC='gcc'
PTHREAD_CFLAGS='-pthread'
PTHREAD_LIBS=' -lpthread'
RANLIB='ranlib'
SED='/usr/bin/sed'
SET_MAKE=''
SHELL='/bin/sh'
STRIP='strip'
USE_EXTERNAL_PROTOC_FALSE=''
USE_EXTERNAL_PROTOC_TRUE='#'
VERSION='3.5.0'
ac_ct_AR='ar'
ac_ct_CC='gcc'
ac_ct_CC_FOR_BUILD='gcc'
ac_ct_CXX='g++'
ac_ct_CXX_FOR_BUILD='g++'
ac_ct_DUMPBIN=''
ac_ct_OBJC='gcc'
acx_pthread_config=''
am__EXEEXT_FALSE=''
am__EXEEXT_TRUE='#'
am__fastdepCC_FALSE='#'
am__fastdepCC_TRUE=''
am__fastdepCXX_FALSE='#'
am__fastdepCXX_TRUE=''
am__fastdepOBJC_FALSE='#'
am__fastdepOBJC_TRUE=''
am__include='include'
am__isrc=''
am__leading_dot='.'
am__nodep='_no'
am__quote=''
am__tar='tar --format=ustar -chf - "$$tardir"'
am__untar='tar -xf -'
bindir='${exec_prefix}/bin'
build='x86_64-pc-linux-gnu'
build_alias=''
build_cpu='x86_64'
build_os='linux-gnu'
build_vendor='pc'
datadir='${datarootdir}'
datarootdir='${prefix}/share'
docdir='${datarootdir}/doc/${PACKAGE_TARNAME}'
dvidir='${docdir}'
exec_prefix='${prefix}'
host='x86_64-pc-linux-gnu'
host_alias=''
host_cpu='x86_64'
host_os='linux-gnu'
host_vendor='pc'
htmldir='${docdir}'
includedir='${prefix}/include'
infodir='${datarootdir}/info'
install_sh='${SHELL} /home/ds/prog/my/archivarius/libs/protobuf-3.5.0/install-sh'
libdir='${exec_prefix}/lib'
libexecdir='${exec_prefix}/libexec'
localedir='${datarootdir}/locale'
localstatedir='${prefix}/var'
mandir='${datarootdir}/man'
mkdir_p='$(MKDIR_P)'
oldincludedir='/usr/include'
pdfdir='${docdir}'
prefix='/usr/local'
program_transform_name='s,x,x,'
psdir='${docdir}'
sbindir='${exec_prefix}/sbin'
sharedstatedir='${prefix}/com'
subdirs=' gmock'
sysconfdir='${prefix}/etc'
target='x86_64-pc-linux-gnu'
target_alias=''
target_cpu='x86_64'
target_os='linux-gnu'
target_vendor='pc'

## ----------- ##
## confdefs.h. ##
## ----------- ##

/* confdefs.h */
#define PACKAGE_NAME "Protocol Buffers"
#define PACKAGE_TARNAME "protobuf"
#define PACKAGE_VERSION "3.5.0"
#define PACKAGE_STRING "Protocol Buffers 3.5.0"
#define PACKAGE_BUGREPORT "protobuf@googlegroups.com"
#define PACKAGE_URL ""
#define PACKAGE "protobuf"
#define VERSION "3.5.0"
#define STDC_HEADERS 1
#define HAVE_SYS_TYPES_H 1
#define HAVE_SYS_STAT_H 1
#define HAVE_STDLIB_H 1
#define HAVE_STRING_H 1
#define HAVE_MEMORY_H 1
#define HAVE_STRINGS_H 1
#define HAVE_INTTYPES_H 1
#define HAVE_STDINT_H 1
#define HAVE_UNISTD_H 1
#define __EXTENSIONS__ 1
#define _ALL_SOURCE 1
#define _GNU_SOURCE 1
#define _POSIX_PTHREAD_SEMANTICS 1
#define _TANDEM_SOURCE 1
#define HAVE_DLFCN_H 1
#define LT_OBJDIR ".libs/"
#define STDC_HEADERS 1
#define HAVE_FCNTL_H 1
#define HAVE_INTTYPES_H 1
#define HAVE_LIMITS_H 1
#define HAVE_STDLIB_H 1
#define HAVE_UNISTD_H 1
#define HAVE_FTRUNCATE 1
#define HAVE_MEMSET 1
#define HAVE_MKDIR 1
#define HAVE_STRCHR 1
#define HAVE_STRERROR 1
#define HAVE_STRTOL 1
#define HAVE_ZLIB 1
#define HAVE_PTHREAD 1
#define HAVE_HASH_MAP 1
#define HAVE_HASH_SET 1
#define HASH_MAP_H <unordered_map>
#define HASH_SET_H <unordered_set>
#define HASH_NAMESPACE std
#define HASH_MAP_CLASS unordered_map
#define HASH_SET_CLASS unordered_set
#define HAVE_CXX11 1

configure: exit 0
